<?xml version="1.0" encoding="UTF-8"?>
<coverage generated="1612332833760" clover="3.2.0">
  <project timestamp="1612332833760" name="All files">
    <metrics statements="3" coveredstatements="3" conditionals="0" coveredconditionals="0" methods="3" coveredmethods="3" elements="6" coveredelements="6" complexity="0" loc="3" ncloc="3" packages="1" files="1" classes="1"/>
    <file name="HelloJest.vue" path="C:\dev\workspace\structure\bottlehs\blockchain-community\frontend\admin\src\components\HelloJest.vue">
      <metrics statements="3" coveredstatements="3" conditionals="0" coveredconditionals="0" methods="3" coveredmethods="3"/>
      <line num="12" count="1" type="stmt"/>
      <line num="18" count="1" type="stmt"/>
      <line num="23" count="1" type="stmt"/>
    </file>
  </project>
</coverage>
